This is pdfTeX, Version 3.141592-1.40.3 (Web2C 7.5.6) (format=pdflatex 2010.3.26)  12 JUN 2010 02:48
entering extended mode
**\documentclass{report}

*\usepackage{fancyvrb}
(/opt/local/share/texmf-dist/tex/latex/base/report.cls
Document Class: report 2005/09/16 v1.4f Standard LaTeX document class
(/opt/local/share/texmf-dist/tex/latex/base/size10.clo
File: size10.clo 2005/09/16 v1.4f Standard LaTeX file (size option)
)
\c@part=\count79
\c@chapter=\count80
\c@section=\count81
\c@subsection=\count82
\c@subsubsection=\count83
\c@paragraph=\count84
\c@subparagraph=\count85
\c@figure=\count86
\c@table=\count87
\abovecaptionskip=\skip41
\belowcaptionskip=\skip42
\bibindent=\dimen102
)
*\usepackage[usenames,dvipsnames]{color}
(/opt/local/share/texmf-dist/tex/latex/fancyvrb/fancyvrb.sty
Package: fancyvrb 1998/07/17

Style option: `fancyvrb' v2.6, with DG/SPQR fixes <1998/07/17> (tvz)
(/opt/local/share/texmf-dist/tex/latex/graphics/keyval.sty
Package: keyval 1999/03/16 v1.13 key=value parser (DPC)
\KV@toks@=\toks14
)
\FV@CodeLineNo=\count88
\FV@InFile=\read1
\FV@TabBox=\box26
\c@FancyVerbLine=\count89
\FV@StepNumber=\count90
\FV@OutFile=\write3

No file fancyvrb.cfg.
)
*\begin{document}
(/opt/local/share/texmf-dist/tex/latex/graphics/color.sty
Package: color 2005/11/14 v1.0j Standard LaTeX Color (DPC)

(/opt/local/share/texmf/tex/latex/config/color.cfg
File: color.cfg 2007/01/18 v1.5 color configuration of teTeX/TeXLive
)
Package color Info: Driver file: pdftex.def on input line 130.

(/opt/local/share/texmf-dist/tex/latex/pdftex-def/pdftex.def
File: pdftex.def 2007/01/08 v0.04d Graphics/color for pdfTeX
\Gread@gobject=\count91
)
(/opt/local/share/texmf-dist/tex/latex/graphics/dvipsnam.def
File: dvipsnam.def 1999/02/16 v3.0i Driver-dependant file (DPC,SPQR)
))
No file texput.aux.
\openout1 = `texput.aux'.

LaTeX Font Info:    Checking defaults for OML/cmm/m/it on input line 0.
LaTeX Font Info:    ... okay on input line 0.
LaTeX Font Info:    Checking defaults for T1/cmr/m/n on input line 0.
LaTeX Font Info:    ... okay on input line 0.
LaTeX Font Info:    Checking defaults for OT1/cmr/m/n on input line 0.
LaTeX Font Info:    ... okay on input line 0.
LaTeX Font Info:    Checking defaults for OMS/cmsy/m/n on input line 0.
LaTeX Font Info:    ... okay on input line 0.
LaTeX Font Info:    Checking defaults for OMX/cmex/m/n on input line 0.
LaTeX Font Info:    ... okay on input line 0.
LaTeX Font Info:    Checking defaults for U/cmr/m/n on input line 0.
LaTeX Font Info:    ... okay on input line 0.
(/opt/local/share/texmf-dist/tex/context/base/supp-pdf.tex
[Loading MPS to PDF converter (version 2006.09.02).]
\scratchcounter=\count92
\scratchdimen=\dimen103
\scratchbox=\box27
\nofMPsegments=\count93
\nofMParguments=\count94
\MPscratchCnt=\count95
\MPscratchDim=\dimen104
\MPnumerator=\count96
\everyMPtoPDFconversion=\toks15
)
*\begin{Verbatim}[commandchars=\\\{\}]

*\textcolor{Blue}{Name:}                language-r

*\textcolor{Blue}{Version:}             0.1.3

*\textcolor{Blue}{Cabal-Version:}       >= 1.6

*\textcolor{Blue}{Build-Type:}          Simple

*\textcolor{Blue}{Stability:}           pre-alpha

*\textcolor{Blue}{Category:}            Language

*\textcolor{Blue}{Synopsis:}            A package for parsing and compiling R/S
plus code.

*\textcolor{Blue}{Description:}         Language-R aims to provide a means for 
compiling

*                     Splus/R source code to executable machine code.

*\textcolor{Blue}{License:}             BSD3

*\textcolor{Blue}{License-file:}        LICENSE

*\textcolor{Blue}{Author:}              David M. Rosenberg

*\textcolor{Blue}{Maintainer:}          dmr@davidrosenberg.me

*\textcolor{Blue}{Homepage:}            http://www.davidrosenberg.me/projects/l
anguage-r/

*\textcolor{Blue}{extra-source-files:}  README

*                     src/Language/R/Lexer.hs

*                     src/Language/R/Parser.hs

*                     src/Language/R/AST.hs

*                     src/Language/R/Generator.hs

*                     src/Language/R/Evaluate.hs

*                     src/Language/R/Internal.hs

*                     src/Language/R/SrcLocation.hs

*                     src/Language/R/Token.hs

*                     \textcolor{Gray}{-- src/Language/R/Main.hs}

*
(Please type a command or say `\end')
*\textcolor{Green}{\textbf{Library}}
LaTeX Font Info:    Font shape `OT1/cmtt/bx/n' in size <10> not available
(Font)              Font shape `OT1/cmtt/m/n' tried instead on input line 0.

*    \textcolor{Blue}{Hs-source-dirs:}  src

*    \textcolor{Blue}{Exposed-modules:} Language.R.Lexer

*                     Language.R.Parser

*                     Language.R.AST

*                     Language.R.Generator

*                     Language.R.Evaluate

*                     Language.R.Internal

*                     Language.R.SrcLocation

*                     Language.R.Token

*                     Language.R.LexerUtils

*    \textcolor{Gray}{-- Other-modules:   Language.R.Internal}

*    \textcolor{Blue}{Build-depends:}   base < 5 && >= 4,

*                     parsec >= 3,

*                     pcre-light >= 0.2 && < 0.4,

*                     haskell98,

*                     mtl,

*                     bytestring,

*                     containers,

*                     primitive

*    \textcolor{Blue}{Extensions:}      CPP, FlexibleInstances, TypeSynonymInst
ances,

*                     DeriveDataTypeable, FlexibleContexts

*
(Please type a command or say `\end')
*\textcolor{Green}{\textbf{Executable}} language-r
[1

{/opt/local/share/texmf/fonts/map/pdftex/updmap/pdftex.map}]
*    \textcolor{Blue}{Main-is:}         Main.hs

*    \textcolor{Blue}{Hs-source-dirs:}  src

*    \textcolor{Blue}{Build-depends:}   base < 5 && >= 4,

*                     parsec >= 3,

*                     pcre-light >= 0.2 && < 0.4

*    \textcolor{Blue}{Extensions:}      CPP

*    \textcolor{Blue}{Other-modules:}   Language.R.Lexer

*                     Language.R.Parser

*                     Language.R.AST

*                     Language.R.Generator

*                     Language.R.Evaluate

*                     Language.R.Internal

*                     Language.R.SrcLocation

*                     Language.R.Token

*                     Language.R.LexerUtils

*                     \end{Verbatim}

*\end{document}
[2] (./texput.aux) 
Here is how much of TeX's memory you used:
 1321 strings out of 94073
 18323 string characters out of 1164797
 69903 words of memory out of 1500000
 4670 multiletter control sequences out of 10000+50000
 3808 words of font info for 15 fonts, out of 1200000 for 2000
 645 hyphenation exceptions out of 8191
 22i,5n,19p,165b,269s stack positions out of 5000i,500n,6000p,200000b,5000s
</opt/local/share/texmf-dist/fonts/type1/bluesky/cm/cmr10.pfb
></opt/local/share/texmf-dist/fonts/type1/bluesky/cm/cmtt10.pfb>
Output written on texput.pdf (2 pages, 17730 bytes).
PDF statistics:
 17 PDF objects out of 1000 (max. 8388607)
 0 named destinations out of 1000 (max. 131072)
 1 words of extra memory for PDF output out of 10000 (max. 10000000)

